  Name.cpp
C:\Users\Laptop\Desktop\Project\Name-Gen\GeneratorName\Name.cpp(16,5): warning C4154: deletion of an array expression; conversion to pointer supplied
C:\Users\Laptop\Desktop\Project\Name-Gen\GeneratorName\Name.cpp(17,5): warning C4154: deletion of an array expression; conversion to pointer supplied
C:\Users\Laptop\Desktop\Project\Name-Gen\GeneratorName\Name.cpp(18,5): warning C4154: deletion of an array expression; conversion to pointer supplied
C:\Users\Laptop\Desktop\Project\Name-Gen\GeneratorName\Name.cpp(20,5): warning C4154: deletion of an array expression; conversion to pointer supplied
C:\Users\Laptop\Desktop\Project\Name-Gen\GeneratorName\Name.cpp(21,5): warning C4154: deletion of an array expression; conversion to pointer supplied
C:\Users\Laptop\Desktop\Project\Name-Gen\GeneratorName\Name.cpp(22,5): warning C4154: deletion of an array expression; conversion to pointer supplied
C:\Users\Laptop\Desktop\Project\Name-Gen\GeneratorName\Name.cpp(24,5): warning C4154: deletion of an array expression; conversion to pointer supplied
C:\Users\Laptop\Desktop\Project\Name-Gen\GeneratorName\Name.cpp(25,5): warning C4154: deletion of an array expression; conversion to pointer supplied
C:\Users\Laptop\Desktop\Project\Name-Gen\GeneratorName\Name.cpp(26,5): warning C4154: deletion of an array expression; conversion to pointer supplied
C:\Users\Laptop\Desktop\Project\Name-Gen\GeneratorName\Name.cpp(28,5): warning C4154: deletion of an array expression; conversion to pointer supplied
C:\Users\Laptop\Desktop\Project\Name-Gen\GeneratorName\Name.cpp(29,5): warning C4154: deletion of an array expression; conversion to pointer supplied
C:\Users\Laptop\Desktop\Project\Name-Gen\GeneratorName\Name.cpp(30,5): warning C4154: deletion of an array expression; conversion to pointer supplied
C:\Users\Laptop\Desktop\Project\Name-Gen\GeneratorName\Name.cpp(32,5): warning C4154: deletion of an array expression; conversion to pointer supplied
C:\Users\Laptop\Desktop\Project\Name-Gen\GeneratorName\Name.cpp(33,5): warning C4154: deletion of an array expression; conversion to pointer supplied
C:\Users\Laptop\Desktop\Project\Name-Gen\GeneratorName\Name.cpp(34,5): warning C4154: deletion of an array expression; conversion to pointer supplied
C:\Users\Laptop\Desktop\Project\Name-Gen\GeneratorName\Name.cpp(36,5): warning C4154: deletion of an array expression; conversion to pointer supplied
C:\Users\Laptop\Desktop\Project\Name-Gen\GeneratorName\Name.cpp(37,5): warning C4154: deletion of an array expression; conversion to pointer supplied
C:\Users\Laptop\Desktop\Project\Name-Gen\GeneratorName\Name.cpp(38,5): warning C4154: deletion of an array expression; conversion to pointer supplied
C:\Users\Laptop\Desktop\Project\Name-Gen\GeneratorName\Name.cpp(40,5): warning C4154: deletion of an array expression; conversion to pointer supplied
C:\Users\Laptop\Desktop\Project\Name-Gen\GeneratorName\Name.cpp(41,5): warning C4154: deletion of an array expression; conversion to pointer supplied
C:\Users\Laptop\Desktop\Project\Name-Gen\GeneratorName\Name.cpp(42,5): warning C4154: deletion of an array expression; conversion to pointer supplied
C:\Users\Laptop\Desktop\Project\Name-Gen\GeneratorName\Name.cpp(44,5): warning C4154: deletion of an array expression; conversion to pointer supplied
C:\Users\Laptop\Desktop\Project\Name-Gen\GeneratorName\Name.cpp(45,5): warning C4154: deletion of an array expression; conversion to pointer supplied
C:\Users\Laptop\Desktop\Project\Name-Gen\GeneratorName\Name.cpp(46,5): warning C4154: deletion of an array expression; conversion to pointer supplied
C:\Users\Laptop\Desktop\Project\Name-Gen\GeneratorName\Name.cpp(48,5): warning C4154: deletion of an array expression; conversion to pointer supplied
C:\Users\Laptop\Desktop\Project\Name-Gen\GeneratorName\Name.cpp(49,5): warning C4154: deletion of an array expression; conversion to pointer supplied
C:\Users\Laptop\Desktop\Project\Name-Gen\GeneratorName\Name.cpp(50,5): warning C4154: deletion of an array expression; conversion to pointer supplied
C:\Users\Laptop\Desktop\Project\Name-Gen\GeneratorName\Name.cpp(52,5): warning C4154: deletion of an array expression; conversion to pointer supplied
C:\Users\Laptop\Desktop\Project\Name-Gen\GeneratorName\Name.cpp(53,5): warning C4154: deletion of an array expression; conversion to pointer supplied
C:\Users\Laptop\Desktop\Project\Name-Gen\GeneratorName\Name.cpp(54,5): warning C4154: deletion of an array expression; conversion to pointer supplied
C:\Users\Laptop\Desktop\Project\Name-Gen\GeneratorName\Name.cpp(56,5): warning C4154: deletion of an array expression; conversion to pointer supplied
C:\Users\Laptop\Desktop\Project\Name-Gen\GeneratorName\Name.cpp(57,5): warning C4154: deletion of an array expression; conversion to pointer supplied
C:\Users\Laptop\Desktop\Project\Name-Gen\GeneratorName\Name.cpp(58,5): warning C4154: deletion of an array expression; conversion to pointer supplied
C:\Users\Laptop\Desktop\Project\Name-Gen\GeneratorName\Name.cpp(60,5): warning C4154: deletion of an array expression; conversion to pointer supplied
C:\Users\Laptop\Desktop\Project\Name-Gen\GeneratorName\Name.cpp(61,5): warning C4154: deletion of an array expression; conversion to pointer supplied
C:\Users\Laptop\Desktop\Project\Name-Gen\GeneratorName\Name.cpp(62,5): warning C4154: deletion of an array expression; conversion to pointer supplied
C:\Users\Laptop\Desktop\Project\Name-Gen\GeneratorName\Name.cpp(152,15): warning C4244: 'argument': conversion from 'time_t' to 'unsigned int', possible loss of data
C:\Users\Laptop\Desktop\Project\Name-Gen\GeneratorName\Name.cpp(197,15): warning C4244: 'argument': conversion from 'time_t' to 'unsigned int', possible loss of data
C:\Users\Laptop\Desktop\Project\Name-Gen\GeneratorName\Name.cpp(235,15): warning C4244: 'argument': conversion from 'time_t' to 'unsigned int', possible loss of data
C:\Users\Laptop\Desktop\Project\Name-Gen\GeneratorName\Name.cpp(279,15): warning C4244: 'argument': conversion from 'time_t' to 'unsigned int', possible loss of data
C:\Users\Laptop\Desktop\Project\Name-Gen\GeneratorName\Name.cpp(324,15): warning C4244: 'argument': conversion from 'time_t' to 'unsigned int', possible loss of data
  main.cpp
  Generating Code...
  LINK : C:\Users\Laptop\Desktop\Project\Name-Gen\GeneratorName\x64\Debug\GeneratorName.exe not found or not built by the last incremental link; performing full link
  GeneratorName.vcxproj -> C:\Users\Laptop\Desktop\Project\Name-Gen\GeneratorName\x64\Debug\GeneratorName.exe
